0 info it worked if it ends with ok
1 verbose cli [ '/home/ubuntu/.nvm/versions/node/v6.11.2/bin/node',
1 verbose cli   '/home/ubuntu/.nvm/versions/node/v6.11.2/bin/npm',
1 verbose cli   'version',
1 verbose cli   'major' ]
2 info using npm@3.10.10
3 info using node@v6.11.2
4 info git [ 'status', '--porcelain' ]
5 verbose stack Error: Git working directory not clean.
5 verbose stack MM app/index.js
5 verbose stack A  app/templates/_bower_phaser-ce.json
5 verbose stack MM app/templates/_index.html
5 verbose stack A  app/templates/assets/LoadingBar_Inner.png
5 verbose stack A  app/templates/assets/LoadingBar_Outer.png
5 verbose stack M app/templates/css/_styles.css
5 verbose stack M  app/templates/game/states/boot.js
5 verbose stack M  app/templates/gitignore
5 verbose stack M  package.json
5 verbose stack     at /home/ubuntu/.nvm/versions/node/v6.11.2/lib/node_modules/npm/lib/version.js:247:19
5 verbose stack     at /home/ubuntu/.nvm/versions/node/v6.11.2/lib/node_modules/npm/lib/utils/no-progress-while-running.js:21:8
5 verbose stack     at ChildProcess.exithandler (child_process.js:189:7)
5 verbose stack     at emitTwo (events.js:106:13)
5 verbose stack     at ChildProcess.emit (events.js:191:7)
5 verbose stack     at maybeClose (internal/child_process.js:891:16)
5 verbose stack     at Socket.<anonymous> (internal/child_process.js:342:11)
5 verbose stack     at emitOne (events.js:96:13)
5 verbose stack     at Socket.emit (events.js:188:7)
5 verbose stack     at Pipe._handle.close [as _onclose] (net.js:497:12)
6 verbose cwd /home/ubuntu/workspace/generator-phaser-official-new
7 error Linux 4.9.17-c9
8 error argv "/home/ubuntu/.nvm/versions/node/v6.11.2/bin/node" "/home/ubuntu/.nvm/versions/node/v6.11.2/bin/npm" "version" "major"
9 error node v6.11.2
10 error npm  v3.10.10
11 error Git working directory not clean.
11 error MM app/index.js
11 error A  app/templates/_bower_phaser-ce.json
11 error MM app/templates/_index.html
11 error A  app/templates/assets/LoadingBar_Inner.png
11 error A  app/templates/assets/LoadingBar_Outer.png
11 error M app/templates/css/_styles.css
11 error M  app/templates/game/states/boot.js
11 error M  app/templates/gitignore
11 error M  package.json
12 error If you need help, you may report this error at:
12 error     <https://github.com/npm/npm/issues>
13 verbose exit [ 1, true ]
